[11000:8168:0930/042144.562:WARNING:chrome_main_delegate.cc(747)] This is Chrome version 129.0.6668.70 (not a warning)
[11000:8168:0930/042144.623:INFO:chrome_browser_cloud_management_controller.cc(196)] No machine level policy manager exists.
[11000:8168:0930/042144.842:INFO:CONSOLE(14)] "Uncaught TypeError: Invalid invocation", source: chrome-extension://nehkdnaddgogmdljjechlnickbnnncnn/background.js (14)
[21840:3248:0930/042144.856:WARNING:viz_main_impl.cc(85)] VizNullHypothesis is disabled (not a warning)
[11000:8168:0930/042145.778:INFO:CONSOLE(0)] "The Content Security Policy directive 'upgrade-insecure-requests' is ignored when delivered in a report-only policy.", source: https://www.instagram.com/ (0)
[6204:14756:0930/042145.838:WARNING:spdy_session.cc(2975)] Received HEADERS for invalid stream 1
[6204:14756:0930/042145.838:WARNING:spdy_session.cc(2975)] Received HEADERS for invalid stream 3
[6204:14756:0930/042145.838:WARNING:spdy_session.cc(2975)] Received HEADERS for invalid stream 5
[11000:8168:0930/042147.606:INFO:CONSOLE(236)] "
%cStop! font-family:helvetica; font-size:20px; font-size:50px; font-weight:bold; color:red; -webkit-text-stroke:1px black;", source: https://static.cdninstagram.com/rsrc.php/v3/yB/r/7WNcE4Mu0gB.js (236)
[11000:8168:0930/042147.606:INFO:CONSOLE(236)] "
%cThis is a browser feature intended for developers. If someone told you to copy-paste something here to enable an Instagram feature or "hack" someone's account, it is a scam and will give them access to your Instagram account. font-family:helvetica; font-size:20px; ", source: https://static.cdninstagram.com/rsrc.php/v3/yB/r/7WNcE4Mu0gB.js (236)
[11000:8168:0930/042147.606:INFO:CONSOLE(236)] "
%cSee https://www.facebook.com/selfxss for more information. font-family:helvetica; font-size:20px; ", source: https://static.cdninstagram.com/rsrc.php/v3/yB/r/7WNcE4Mu0gB.js (236)
[11000:8168:0930/042147.606:INFO:CONSOLE(236)] "
%c ", source: https://static.cdninstagram.com/rsrc.php/v3/yB/r/7WNcE4Mu0gB.js (236)
[11000:8168:0930/042148.414:INFO:CONSOLE(0)] "[DOM] Input elements should have autocomplete attributes (suggested: "current-password"): (More info: https://goo.gl/9p2vKq) %o", source: https://www.instagram.com/ (0)
[21840:9468:0930/042152.868:WARNING:angle_platform_impl.cc(49)] HLSLCompiler.cpp:250 (rx::HLSLCompiler::compileToBinary): 
C:\fakepath(136,3-70): warning X3557: loop only executes for 1 iteration(s), forcing loop to unroll

[11000:8168:0930/042155.210:INFO:CONSOLE(236)] "
%cStop! font-family:helvetica; font-size:20px; font-size:50px; font-weight:bold; color:red; -webkit-text-stroke:1px black;", source: https://static.cdninstagram.com/rsrc.php/v3/yB/r/7WNcE4Mu0gB.js (236)
[11000:8168:0930/042155.210:INFO:CONSOLE(236)] "
%cThis is a browser feature intended for developers. If someone told you to copy-paste something here to enable an Instagram feature or "hack" someone's account, it is a scam and will give them access to your Instagram account. font-family:helvetica; font-size:20px; ", source: https://static.cdninstagram.com/rsrc.php/v3/yB/r/7WNcE4Mu0gB.js (236)
[11000:8168:0930/042155.210:INFO:CONSOLE(236)] "
%cSee https://www.facebook.com/selfxss for more information. font-family:helvetica; font-size:20px; ", source: https://static.cdninstagram.com/rsrc.php/v3/yB/r/7WNcE4Mu0gB.js (236)
[11000:8168:0930/042155.211:INFO:CONSOLE(236)] "
%c ", source: https://static.cdninstagram.com/rsrc.php/v3/yB/r/7WNcE4Mu0gB.js (236)
[11000:8168:0930/042155.757:WARNING:controller_impl.cc(1192)] Background download complete, client: 6, completion type: 0, file size:5156
[11000:8168:0930/042156.340:WARNING:controller_impl.cc(1192)] Background download complete, client: 6, completion type: 0, file size:265059
[11000:8168:0930/042157.493:INFO:CONSOLE(0)] "The Content Security Policy directive 'upgrade-insecure-requests' is ignored when delivered in a report-only policy.", source: https://www.instagram.com/common/referer_frame.php?no_lower=true&cb=1 (0)
[11000:8168:0930/042157.497:INFO:CONSOLE(695)] "The Content Security Policy directive 'upgrade-insecure-requests' is ignored when delivered in a report-only policy.", source: https://static.cdninstagram.com/rsrc.php/v3i7gf4/yV/l/rt/g80cL-YoGJU5Xyg4DZ_T-xlEXCRPPLKygaEAQI33rtmyeFLgKRUJcTsWEyt5QK9BmZb7h8VnUFrKXezhrevDB3BBJGD1TZbUgvoYE3I7AItAUqGfz1U2qIeB6s0ZdrdnugiVbUUjTi2nNFQJFCvsFcZAIK.js (695)
[11000:8168:0930/042157.497:INFO:CONSOLE(695)] "The Content Security Policy directive 'upgrade-insecure-requests' is ignored when delivered in a report-only policy.", source: https://static.cdninstagram.com/rsrc.php/v3i7gf4/yV/l/rt/g80cL-YoGJU5Xyg4DZ_T-xlEXCRPPLKygaEAQI33rtmyeFLgKRUJcTsWEyt5QK9BmZb7h8VnUFrKXezhrevDB3BBJGD1TZbUgvoYE3I7AItAUqGfz1U2qIeB6s0ZdrdnugiVbUUjTi2nNFQJFCvsFcZAIK.js (695)
[11000:8168:0930/042157.744:INFO:CONSOLE(0)] "The Content Security Policy directive 'upgrade-insecure-requests' is ignored when delivered in a report-only policy.", source: https://www.instagram.com/paid_ads/generete_pixels/? (0)
[11000:8168:0930/042157.746:INFO:CONSOLE(0)] "The Content Security Policy directive 'upgrade-insecure-requests' is ignored when delivered in a report-only policy.", source: about:blank (0)
[11000:8168:0930/042159.333:WARNING:download_manager_impl.cc(701)] A download with the same GUID already exists, the new request is ignored.
[11000:8168:0930/042159.344:WARNING:controller_impl.cc(1192)] Background download complete, client: 6, completion type: 1, file size:0
[11000:8168:0930/042159.344:WARNING:controller_impl.cc(1192)] Background download complete, client: 6, completion type: 1, file size:0
[6204:15268:0930/042159.366:WARNING:sqlite_persistent_store_backend_base.cc(198)] Failed to post task from FlushAndNotifyInBackground@net\extras\sqlite\sqlite_persistent_store_backend_base.cc:248 to client_task_runner_.
[6204:15268:0930/042159.366:WARNING:sqlite_persistent_store_backend_base.cc(198)] Failed to post task from FlushAndNotifyInBackground@net\extras\sqlite\sqlite_persistent_store_backend_base.cc:248 to client_task_runner_.
